<?xml version="1.0" encoding="UTF-8" standalone="no"?><testsuite errors="1" failures="0" name="Ingresar al portale" skipped="0" tests="1" time="30.61" timestamp="2023-11-18 07:26:17"><testcase name="Ingresar a la Pagina web y pedir"><error message="Step [Si la pagina visualizar pedido] is defined with 1 parameters at 'stepDefinitions.RealizarPedido.siLaPaginaAparece69(java.lang.String)'.&#10;However, the gherkin step has 0 arguments.&#10;Step text: Si la pagina visualizar pedido" type="io.cucumber.core.exception.CucumberException">Step [Si la pagina visualizar pedido] is defined with 1 parameters at 'stepDefinitions.RealizarPedido.siLaPaginaAparece69(java.lang.String)'.
However, the gherkin step has 0 arguments.
Step text: Si la pagina visualizar pedido</error><system-err>Step [Si la pagina visualizar pedido] is defined with 1 parameters at 'stepDefinitions.RealizarPedido.siLaPaginaAparece69(java.lang.String)'.
However, the gherkin step has 0 arguments.
Step text: Si la pagina visualizar pedido&#13;
io.cucumber.core.runner.PickleStepDefinitionMatch.arityMismatch(PickleStepDefinitionMatch.java:83)&#13;
io.cucumber.core.runner.PickleStepDefinitionMatch.runStep(PickleStepDefinitionMatch.java:42)&#13;
io.cucumber.core.runner.TestStep.executeStep(TestStep.java:85)&#13;
io.cucumber.core.runner.TestStep.run(TestStep.java:57)&#13;
io.cucumber.core.runner.PickleStepTestStep.run(PickleStepTestStep.java:51)&#13;
io.cucumber.core.runner.TestCase.run(TestCase.java:84)&#13;
io.cucumber.core.runner.Runner.runPickle(Runner.java:75)&#13;
io.cucumber.core.runtime.CucumberExecutionContext.lambda$runTestCase$5(CucumberExecutionContext.java:129)&#13;
io.cucumber.core.runtime.RethrowingThrowableCollector.executeAndThrow(RethrowingThrowableCollector.java:23)&#13;
io.cucumber.core.runtime.CucumberExecutionContext.runTestCase(CucumberExecutionContext.java:129)&#13;
io.cucumber.junit.FeatureRunner.runChild(FeatureRunner.java:144)&#13;
io.cucumber.junit.FeatureRunner.runChild(FeatureRunner.java:28)&#13;
io.cucumber.junit.FeatureRunner.run(FeatureRunner.java:137)&#13;
io.cucumber.junit.CucumberSerenityRunner.runChild(CucumberSerenityRunner.java:259)&#13;
io.cucumber.junit.CucumberSerenityRunner.runChild(CucumberSerenityRunner.java:59)&#13;
worker.org.gradle.process.internal.worker.GradleWorkerMain.run(GradleWorkerMain.java:69)&#13;
worker.org.gradle.process.internal.worker.GradleWorkerMain.main(GradleWorkerMain.java:74)&#13;
</system-err></testcase></testsuite>