<?xml version="1.0" encoding="UTF-8" standalone="no"?><testsuite errors="1" failures="0" name="Ingresar al link www.demoblaze.com" skipped="0" tests="1" time="0.31" timestamp="2023-11-17 10:08:31"><testcase name="Ingresar a la Pagina web y registrarse"><error message="Cannot invoke &quot;net.serenitybdd.screenplay.Actor.wasAbleTo(net.serenitybdd.screenplay.Performable[])&quot; because &quot;hooks.TheActor.Manuel&quot; is null" type="java.lang.NullPointerException">Cannot invoke "net.serenitybdd.screenplay.Actor.wasAbleTo(net.serenitybdd.screenplay.Performable[])" because "hooks.TheActor.Manuel" is null</error><system-err>Cannot invoke "net.serenitybdd.screenplay.Actor.wasAbleTo(net.serenitybdd.screenplay.Performable[])" because "hooks.TheActor.Manuel" is null&#13;
stepDefinitions.IngresoStep.ingresarALaPaginaWeb(IngresoStep.java:18)&#13;
✽.Ingresar a la pagina web(file:///C:/Users/Usuario/Documents/PragmaPruebaTec/Punto1/AutomatizacionPragma/src/test/resources/Features/Ingreso.feature:4)&#13;
</system-err></testcase></testsuite>